{
  "RSpec": {
    "coverage": {
      "/Users/babulal/test_jobs/referrals_app/referr-api/config/environment.rb": {
        "lines": [
          null,
          1,
          null,
          null,
          1
        ]
      },
      "/Users/babulal/test_jobs/referrals_app/referr-api/config/application.rb": {
        "lines": [
          1,
          null,
          1,
          null,
          1,
          1,
          1,
          1,
          1,
          1,
          1,
          1,
          1,
          1,
          null,
          null,
          null,
          null,
          1,
          null,
          1,
          1,
          null,
          1,
          null,
          null,
          null,
          null,
          1,
          null,
          null,
          null,
          null,
          null,
          null,
          null,
          null,
          null,
          null,
          null,
          null,
          1,
          null,
          1,
          1,
          1,
          null,
          null
        ]
      },
      "/Users/babulal/test_jobs/referrals_app/referr-api/config/boot.rb": {
        "lines": [
          1,
          null,
          1,
          1
        ]
      },
      "/Users/babulal/test_jobs/referrals_app/referr-api/config/environments/test.rb": {
        "lines": [
          1,
          null,
          null,
          null,
          null,
          null,
          null,
          1,
          null,
          null,
          null,
          1,
          null,
          null,
          null,
          null,
          null,
          1,
          null,
          null,
          1,
          null,
          null,
          1,
          1,
          1,
          null,
          null,
          1,
          null,
          null,
          1,
          null,
          null,
          1,
          null,
          null,
          null,
          1,
          null,
          null,
          null,
          null,
          1,
          null,
          null,
          null,
          1,
          null,
          null,
          1,
          null,
          null,
          1,
          null,
          null,
          1,
          null,
          null,
          null,
          null,
          null,
          null,
          null,
          null,
          1,
          null
        ]
      },
      "/Users/babulal/test_jobs/referrals_app/referr-api/config/initializers/cors.rb": {
        "lines": [
          null,
          1,
          1,
          1,
          null,
          null,
          null,
          1,
          null,
          null,
          null,
          null,
          null
        ]
      },
      "/Users/babulal/test_jobs/referrals_app/referr-api/config/initializers/devise.rb": {
        "lines": [
          null,
          null,
          null,
          null,
          null,
          null,
          null,
          null,
          null,
          null,
          1,
          null,
          null,
          null,
          null,
          null,
          null,
          null,
          null,
          null,
          null,
          null,
          null,
          null,
          null,
          null,
          1,
          null,
          null,
          null,
          null,
          null,
          null,
          null,
          null,
          null,
          null,
          null,
          1,
          null,
          null,
          null,
          null,
          null,
          null,
          null,
          null,
          null,
          null,
          null,
          null,
          null,
          null,
          null,
          null,
          null,
          null,
          null,
          null,
          null,
          1,
          null,
          null,
          null,
          null,
          1,
          null,
          null,
          null,
          null,
          null,
          null,
          null,
          null,
          null,
          null,
          null,
          null,
          null,
          null,
          null,
          null,
          null,
          null,
          null,
          null,
          null,
          null,
          null,
          null,
          null,
          null,
          null,
          null,
          null,
          null,
          null,
          null,
          null,
          1,
          null,
          null,
          null,
          null,
          null,
          null,
          null,
          null,
          null,
          null,
          null,
          null,
          null,
          null,
          null,
          null,
          null,
          null,
          null,
          null,
          null,
          null,
          null,
          null,
          null,
          1,
          null,
          null,
          null,
          null,
          null,
          null,
          null,
          null,
          null,
          null,
          null,
          null,
          null,
          null,
          null,
          null,
          null,
          null,
          null,
          null,
          null,
          null,
          null,
          null,
          null,
          null,
          null,
          null,
          null,
          null,
          null,
          null,
          null,
          1,
          null,
          null,
          null,
          null,
          null,
          null,
          null,
          null,
          null,
          1,
          null,
          null,
          null,
          null,
          null,
          null,
          null,
          null,
          null,
          null,
          1,
          null,
          null,
          null,
          null,
          1,
          null,
          null,
          null,
          null,
          null,
          null,
          null,
          null,
          null,
          null,
          null,
          null,
          null,
          null,
          null,
          null,
          null,
          null,
          null,
          null,
          null,
          null,
          null,
          null,
          null,
          null,
          null,
          null,
          null,
          null,
          null,
          null,
          null,
          null,
          null,
          null,
          null,
          null,
          null,
          null,
          1,
          null,
          null,
          null,
          null,
          null,
          null,
          null,
          null,
          null,
          null,
          null,
          null,
          null,
          null,
          null,
          null,
          null,
          null,
          null,
          null,
          null,
          null,
          null,
          null,
          null,
          null,
          null,
          null,
          null,
          null,
          null,
          null,
          null,
          null,
          null,
          null,
          null,
          null,
          null,
          null,
          null,
          1,
          null,
          null,
          null,
          null,
          null,
          null,
          null,
          null,
          null,
          null,
          null,
          null,
          null,
          null,
          null,
          null,
          null,
          null,
          null,
          null,
          null,
          null,
          null,
          null,
          null,
          null,
          null,
          null,
          null,
          null,
          null,
          null,
          null,
          null,
          null,
          1,
          1,
          null,
          null,
          null,
          null,
          null,
          null,
          null,
          null,
          null,
          null,
          null,
          null,
          null,
          null,
          null,
          null,
          null,
          1,
          1,
          1,
          null,
          null,
          null,
          1,
          null,
          null,
          1,
          null,
          null,
          1,
          null
        ]
      },
      "/Users/babulal/test_jobs/referrals_app/referr-api/config/initializers/filter_parameter_logging.rb": {
        "lines": [
          null,
          null,
          null,
          null,
          null,
          1,
          null,
          null
        ]
      },
      "/Users/babulal/test_jobs/referrals_app/referr-api/config/initializers/inflections.rb": {
        "lines": [
          null,
          null,
          null,
          null,
          null,
          null,
          null,
          null,
          null,
          null,
          null,
          null,
          null,
          null,
          null,
          null
        ]
      },
      "/Users/babulal/test_jobs/referrals_app/referr-api/spec/factories/referrals.rb": {
        "lines": [
          1,
          1,
          3,
          1,
          null,
          null
        ]
      },
      "/Users/babulal/test_jobs/referrals_app/referr-api/spec/factories/users.rb": {
        "lines": [
          1,
          1,
          11,
          14,
          18,
          null,
          null
        ]
      },
      "/Users/babulal/test_jobs/referrals_app/referr-api/config/routes.rb": {
        "lines": [
          1,
          1,
          null,
          1,
          1,
          1,
          null,
          null,
          null,
          null,
          null,
          null,
          1,
          null
        ]
      },
      "/Users/babulal/test_jobs/referrals_app/referr-api/app/models/user.rb": {
        "lines": [
          1,
          1,
          1,
          null,
          null,
          null,
          null,
          1,
          null
        ]
      },
      "/Users/babulal/test_jobs/referrals_app/referr-api/app/models/application_record.rb": {
        "lines": [
          1,
          1,
          null
        ]
      },
      "/Users/babulal/test_jobs/referrals_app/referr-api/spec/support/json_helpers.rb": {
        "lines": [
          1,
          1,
          10,
          null,
          null
        ]
      },
      "/Users/babulal/test_jobs/referrals_app/referr-api/app/controllers/api/v1/users/registrations_controller.rb": {
        "lines": [
          1,
          1,
          null,
          1,
          null,
          1,
          2,
          1,
          1,
          null,
          1,
          null,
          null,
          null,
          null,
          null,
          1,
          null,
          null,
          null,
          null,
          null
        ]
      },
      "/Users/babulal/test_jobs/referrals_app/referr-api/app/controllers/application_controller.rb": {
        "lines": [
          1,
          null
        ]
      },
      "/Users/babulal/test_jobs/referrals_app/referr-api/spec/controllers/api/v1/users/sessions_controller_spec.rb": {
        "lines": [
          1,
          null,
          1,
          1,
          null,
          1,
          3,
          2,
          2,
          null,
          1,
          2,
          null,
          null,
          1,
          1,
          1,
          1,
          1,
          1,
          1,
          null,
          null,
          null,
          1,
          1,
          1,
          1,
          1,
          1,
          null,
          null,
          null,
          null
        ]
      },
      "/Users/babulal/test_jobs/referrals_app/referr-api/app/controllers/api/v1/users/sessions_controller.rb": {
        "lines": [
          1,
          1,
          null,
          1,
          null,
          1,
          1,
          1,
          null,
          1,
          null,
          null,
          null,
          null,
          null,
          null,
          null,
          null,
          null,
          null
        ]
      },
      "/Users/babulal/test_jobs/referrals_app/referr-api/spec/controllers/referrals_controller_spec.rb": {
        "lines": [
          1,
          null,
          1,
          4,
          3,
          2,
          null,
          1,
          3,
          null,
          null,
          1,
          1,
          1,
          1,
          1,
          null,
          null,
          1,
          1,
          1,
          null,
          null,
          null,
          1,
          1,
          1,
          null,
          1,
          1,
          1,
          null,
          null,
          null,
          1,
          2,
          null,
          1,
          1,
          null,
          1,
          1,
          1,
          null,
          null,
          null,
          null
        ]
      },
      "/Users/babulal/test_jobs/referrals_app/referr-api/app/controllers/referrals_controller.rb": {
        "lines": [
          1,
          1,
          null,
          1,
          3,
          null,
          3,
          1,
          null,
          2,
          null,
          null,
          null,
          1,
          null,
          1,
          3,
          null,
          null
        ]
      },
      "/Users/babulal/test_jobs/referrals_app/referr-api/spec/models/referral_spec.rb": {
        "lines": [
          1,
          null,
          1,
          null,
          5,
          4,
          2,
          null,
          1,
          1,
          1,
          1,
          1,
          null,
          null,
          null,
          1,
          1,
          1,
          1,
          1,
          null,
          null,
          null,
          1,
          2,
          1,
          1,
          1,
          1,
          null,
          null,
          null,
          null,
          1,
          1,
          1,
          1,
          null,
          1,
          null,
          1,
          null,
          null,
          null,
          null
        ]
      },
      "/Users/babulal/test_jobs/referrals_app/referr-api/app/models/referral.rb": {
        "lines": [
          1,
          1,
          null,
          1,
          null,
          1,
          null,
          1,
          null,
          1,
          null,
          1,
          9,
          2,
          null,
          null,
          null,
          1,
          4,
          null,
          null
        ]
      },
      "/Users/babulal/test_jobs/referrals_app/referr-api/spec/models/user_spec.rb": {
        "lines": [
          null,
          1,
          null,
          1,
          1,
          1,
          1,
          1,
          1,
          null,
          1,
          1,
          1,
          null,
          null,
          1,
          1,
          1,
          1,
          1,
          null,
          null,
          1,
          1,
          1,
          1,
          null,
          null,
          null,
          1,
          1,
          1,
          1,
          1,
          null,
          1,
          1,
          null,
          null,
          null
        ]
      },
      "/Users/babulal/test_jobs/referrals_app/referr-api/app/serializers/user_serializer.rb": {
        "lines": [
          1,
          1,
          1,
          null
        ]
      },
      "/Users/babulal/test_jobs/referrals_app/referr-api/app/mailers/referral_mailer.rb": {
        "lines": [
          1,
          1,
          null,
          1,
          3,
          3,
          null,
          null,
          null,
          null,
          null
        ]
      },
      "/Users/babulal/test_jobs/referrals_app/referr-api/app/mailers/application_mailer.rb": {
        "lines": [
          1,
          1,
          1,
          null
        ]
      }
    },
    "timestamp": 1732881073
  }
}
